"15-09-2024 [main] WARN  o.s.b.w.s.c.AnnotationConfigServletWebServerApplicationContext - Exception encountered during context initialization - cancelling refresh attempt: org.springframework.context.ApplicationContextException: Unable to start web server; nested exception is org.springframework.boot.web.server.WebServerException: Unable to create tempDir. java.io.tmpdir is set to C:\WINDOWS\
""15-09-2024 [main] ERROR o.s.boot.SpringApplication - Application run failed
"org.springframework.context.ApplicationContextException: Unable to start web server; nested exception is org.springframework.boot.web.server.WebServerException: Unable to create tempDir. java.io.tmpdir is set to C:\WINDOWS\
	at org.springframework.boot.web.servlet.context.ServletWebServerApplicationContext.onRefresh(ServletWebServerApplicationContext.java:165)
	at org.springframework.context.support.AbstractApplicationContext.refresh(AbstractApplicationContext.java:577)
	at org.springframework.boot.web.servlet.context.ServletWebServerApplicationContext.refresh(ServletWebServerApplicationContext.java:147)
	at org.springframework.boot.SpringApplication.refresh(SpringApplication.java:731)
	at org.springframework.boot.SpringApplication.refreshContext(SpringApplication.java:408)
	at org.springframework.boot.SpringApplication.run(SpringApplication.java:307)
	at org.springframework.boot.SpringApplication.run(SpringApplication.java:1303)
	at org.springframework.boot.SpringApplication.run(SpringApplication.java:1292)
	at br.com.cadastroit.services.StApiRabittmqV1Application.main(StApiRabittmqV1Application.java:10)
Caused by: org.springframework.boot.web.server.WebServerException: Unable to create tempDir. java.io.tmpdir is set to C:\WINDOWS\
	at org.springframework.boot.web.server.AbstractConfigurableWebServerFactory.createTempDir(AbstractConfigurableWebServerFactory.java:208)
	at org.springframework.boot.web.embedded.tomcat.TomcatServletWebServerFactory.getWebServer(TomcatServletWebServerFactory.java:195)
	at org.springframework.boot.web.servlet.context.ServletWebServerApplicationContext.createWebServer(ServletWebServerApplicationContext.java:184)
	at org.springframework.boot.web.servlet.context.ServletWebServerApplicationContext.onRefresh(ServletWebServerApplicationContext.java:162)
	... 8 common frames omitted
Caused by: java.nio.file.AccessDeniedException: C:\WINDOWS\tomcat.8080.11790552162795332472
	at java.base/sun.nio.fs.WindowsException.translateToIOException(WindowsException.java:89)
	at java.base/sun.nio.fs.WindowsException.rethrowAsIOException(WindowsException.java:103)
	at java.base/sun.nio.fs.WindowsException.rethrowAsIOException(WindowsException.java:108)
	at java.base/sun.nio.fs.WindowsFileSystemProvider.createDirectory(WindowsFileSystemProvider.java:521)
	at java.base/java.nio.file.Files.createDirectory(Files.java:700)
	at java.base/java.nio.file.TempFileHelper.create(TempFileHelper.java:134)
	at java.base/java.nio.file.TempFileHelper.createTempDirectory(TempFileHelper.java:171)
	at java.base/java.nio.file.Files.createTempDirectory(Files.java:1017)
	at org.springframework.boot.web.server.AbstractConfigurableWebServerFactory.createTempDir(AbstractConfigurableWebServerFactory.java:202)
	... 11 common frames omitted
